D:\Innovative instruments APP\dmm_ble4\dmm_ble4\windows\DmmBle4\codegen\NativeDmm_ble4Spec.g.h(33,5): error C2338: static_assert failed: 'Method 'getcsvdata1' is not defined (see details below in output). [D:\Innovative instruments APP\dmm_ble4\dmm_ble4\windows\DmmBle4\DmmBle4.vcxproj]
D:\Innovative instruments APP\dmm_ble4\dmm_ble4\windows\DmmBle4\codegen\NativeDmm_ble4Spec.g.h(33,5): error C2338:   It must be one of the following: [D:\Innovative instruments APP\dmm_ble4\dmm_ble4\windows\DmmBle4\DmmBle4.vcxproj]
D:\Innovative instruments APP\dmm_ble4\dmm_ble4\windows\DmmBle4\codegen\NativeDmm_ble4Spec.g.h(33,5): error C2338:     REACT_METHOD(getcsvdata1) void getcsvdata1(std::string a, ::React::ReactPromise<std::string> &&result) noexcept { /* implementation */ } [D:\Innovative instruments APP\dmm_ble4\dmm_ble4\windows\DmmBle4\DmmBle4.vcxproj]
D:\Innovative instruments APP\dmm_ble4\dmm_ble4\windows\DmmBle4\codegen\NativeDmm_ble4Spec.g.h(33,5): error C2338:     REACT_METHOD(getcsvdata1) static void getcsvdata1(std::string a, ::React::ReactPromise<std::string> &&result) noexcept { /* implementation */ } [D:\Innovative instruments APP\dmm_ble4\dmm_ble4\windows\DmmBle4\DmmBle4.vcxproj]
D:\Innovative instruments APP\dmm_ble4\dmm_ble4\windows\DmmBle4\codegen\NativeDmm_ble4Spec.g.h(33,5): error C2338:   The C++ method name could be different. In that case add the L"getcsvdata1" to the attribute: [D:\Innovative instruments APP\dmm_ble4\dmm_ble4\windows\DmmBle4\DmmBle4.vcxproj]
D:\Innovative instruments APP\dmm_ble4\dmm_ble4\windows\DmmBle4\codegen\NativeDmm_ble4Spec.g.h(33,5): error C2338:     REACT_METHOD(method, L"getcsvdata1") [D:\Innovative instruments APP\dmm_ble4\dmm_ble4\windows\DmmBle4\DmmBle4.vcxproj]
D:\Innovative instruments APP\dmm_ble4\dmm_ble4\windows\DmmBle4\codegen\NativeDmm_ble4Spec.g.h(33,5): error C2338: ... [D:\Innovative instruments APP\dmm_ble4\dmm_ble4\windows\DmmBle4\DmmBle4.vcxproj]
D:\Innovative instruments APP\dmm_ble4\dmm_ble4\windows\DmmBle4\codegen\NativeDmm_ble4Spec.g.h(33,5): error C2338: ' [D:\Innovative instruments APP\dmm_ble4\dmm_ble4\windows\DmmBle4\DmmBle4.vcxproj]
D:\Innovative instruments APP\dmm_ble4\dmm_ble4\windows\DmmBle4\codegen\NativeDmm_ble4Spec.g.h(33,5): error C2338: static_assert failed: 'Method 'getcsvdata1' is not defined (see details below in output). [D:\Innovative instruments APP\dmm_ble4\dmm_ble4\windows\DmmBle4\DmmBle4.vcxproj]
D:\Innovative instruments APP\dmm_ble4\dmm_ble4\windows\DmmBle4\codegen\NativeDmm_ble4Spec.g.h(33,5): error C2338:   It must be one of the following: [D:\Innovative instruments APP\dmm_ble4\dmm_ble4\windows\DmmBle4\DmmBle4.vcxproj]
D:\Innovative instruments APP\dmm_ble4\dmm_ble4\windows\DmmBle4\codegen\NativeDmm_ble4Spec.g.h(33,5): error C2338:     REACT_METHOD(getcsvdata1) void getcsvdata1(std::string a, ::React::ReactPromise<std::string> &&result) noexcept { /* implementation */ } [D:\Innovative instruments APP\dmm_ble4\dmm_ble4\windows\DmmBle4\DmmBle4.vcxproj]
D:\Innovative instruments APP\dmm_ble4\dmm_ble4\windows\DmmBle4\codegen\NativeDmm_ble4Spec.g.h(33,5): error C2338:     REACT_METHOD(getcsvdata1) static void getcsvdata1(std::string a, ::React::ReactPromise<std::string> &&result) noexcept { /* implementation */ } [D:\Innovative instruments APP\dmm_ble4\dmm_ble4\windows\DmmBle4\DmmBle4.vcxproj]
D:\Innovative instruments APP\dmm_ble4\dmm_ble4\windows\DmmBle4\codegen\NativeDmm_ble4Spec.g.h(33,5): error C2338:   The C++ method name could be different. In that case add the L"getcsvdata1" to the attribute: [D:\Innovative instruments APP\dmm_ble4\dmm_ble4\windows\DmmBle4\DmmBle4.vcxproj]
D:\Innovative instruments APP\dmm_ble4\dmm_ble4\windows\DmmBle4\codegen\NativeDmm_ble4Spec.g.h(33,5): error C2338:     REACT_METHOD(method, L"getcsvdata1") [D:\Innovative instruments APP\dmm_ble4\dmm_ble4\windows\DmmBle4\DmmBle4.vcxproj]
D:\Innovative instruments APP\dmm_ble4\dmm_ble4\windows\DmmBle4\codegen\NativeDmm_ble4Spec.g.h(33,5): error C2338: ... [D:\Innovative instruments APP\dmm_ble4\dmm_ble4\windows\DmmBle4\DmmBle4.vcxproj]
D:\Innovative instruments APP\dmm_ble4\dmm_ble4\windows\DmmBle4\codegen\NativeDmm_ble4Spec.g.h(33,5): error C2338: ' [D:\Innovative instruments APP\dmm_ble4\dmm_ble4\windows\DmmBle4\DmmBle4.vcxproj]
