# JRE version: OpenJDK Runtime Environment Temurin-21.0.8+9 (21.0.8+9) (build 21.0.8+9-LTS)
# Java VM: OpenJDK 64-Bit Server VM Temurin-21.0.8+9 (21.0.8+9-LTS, mixed mode, sharing, tiered, compressed oops, compressed class ptrs, parallel gc, windows-amd64)
GC Precious Log:
 CardTable entry size: 512
 CPUs: 4 total, 4 available
 Memory: 7987M
 Large Page Support: Disabled
 NUMA Support: Disabled
 Compressed Oops: Enabled (32-bit)
 Alignments: Space 512K, Generation 512K, Heap 2M
 Heap Min Capacity: 100M
 Heap Initial Capacity: 100M
 Heap Max Capacity: 2G
 Pre-touch: Disabled
 Parallel Workers: 4
Heap:
 PSYoungGen      total 9216K, used 664K [0x00000000d5580000, 0x00000000d5f80000, 0x0000000100000000)
  eden space 8192K, 2% used [0x00000000d5580000,0x00000000d55ae338,0x00000000d5d80000)
  from space 1024K, 46% used [0x00000000d5e80000,0x00000000d5ef8000,0x00000000d5f80000)
  to   space 1024K, 0% used [0x00000000d5d80000,0x00000000d5d80000,0x00000000d5e80000)
 ParOldGen       total 68608K, used 65807K [0x0000000080000000, 0x0000000084300000, 0x00000000d5580000)
  object space 68608K, 95% used [0x0000000080000000,0x0000000084043cc8,0x0000000084300000)
 Metaspace       used 61561K, committed 62912K, reserved 1114112K
  class space    used 7171K, committed 7744K, reserved 1048576K
GC Heap History (20 events):
Event: 65.540 GC heap before
{Heap before GC invocations=68 (full 3):
 PSYoungGen      total 10240K, used 10208K [0x00000000d5580000, 0x00000000d6180000, 0x0000000100000000)
  eden space 9216K, 100% used [0x00000000d5580000,0x00000000d5e80000,0x00000000d5e80000)
  from space 1024K, 96% used [0x00000000d6080000,0x00000000d6178000,0x00000000d6180000)
  to   space 1536K, 0% used [0x00000000d5e80000,0x00000000d5e80000,0x00000000d6000000)
 ParOldGen       total 68608K, used 56479K [0x0000000080000000, 0x0000000084300000, 0x00000000d5580000)
  object space 68608K, 82% used [0x0000000080000000,0x0000000083727cf8,0x0000000084300000)
 Metaspace       used 60947K, committed 62272K, reserved 1114112K
  class space    used 7116K, committed 7680K, reserved 1048576K
}
Event: 65.543 GC heap after
{Heap after GC invocations=68 (full 3):
 PSYoungGen      total 10752K, used 1088K [0x00000000d5580000, 0x00000000d6180000, 0x0000000100000000)
  eden space 9216K, 0% used [0x00000000d5580000,0x00000000d5580000,0x00000000d5e80000)
  from space 1536K, 70% used [0x00000000d5e80000,0x00000000d5f90010,0x00000000d6000000)
  to   space 1536K, 0% used [0x00000000d6000000,0x00000000d6000000,0x00000000d6180000)
 ParOldGen       total 68608K, used 57439K [0x0000000080000000, 0x0000000084300000, 0x00000000d5580000)
  object space 68608K, 83% used [0x0000000080000000,0x0000000083817cf8,0x0000000084300000)
 Metaspace       used 60947K, committed 62272K, reserved 1114112K
  class space    used 7116K, committed 7680K, reserved 1048576K
}
Event: 65.574 GC heap before
{Heap before GC invocations=69 (full 3):
 PSYoungGen      total 10752K, used 10304K [0x00000000d5580000, 0x00000000d6180000, 0x0000000100000000)
  eden space 9216K, 100% used [0x00000000d5580000,0x00000000d5e80000,0x00000000d5e80000)
  from space 1536K, 70% used [0x00000000d5e80000,0x00000000d5f90010,0x00000000d6000000)
  to   space 1536K, 0% used [0x00000000d6000000,0x00000000d6000000,0x00000000d6180000)
 ParOldGen       total 68608K, used 57439K [0x0000000080000000, 0x0000000084300000, 0x00000000d5580000)
  object space 68608K, 83% used [0x0000000080000000,0x0000000083817cf8,0x0000000084300000)
 Metaspace       used 60959K, committed 62272K, reserved 1114112K
  class space    used 7116K, committed 7680K, reserved 1048576K
}
Event: 65.577 GC heap after
{Heap after GC invocations=69 (full 3):
 PSYoungGen      total 10752K, used 1218K [0x00000000d5580000, 0x00000000d6180000, 0x0000000100000000)
  eden space 9216K, 0% used [0x00000000d5580000,0x00000000d5580000,0x00000000d5e80000)
  from space 1536K, 79% used [0x00000000d6000000,0x00000000d6130800,0x00000000d6180000)
  to   space 1536K, 0% used [0x00000000d5e80000,0x00000000d5e80000,0x00000000d6000000)
 ParOldGen       total 68608K, used 58511K [0x0000000080000000, 0x0000000084300000, 0x00000000d5580000)
  object space 68608K, 85% used [0x0000000080000000,0x0000000083923d08,0x0000000084300000)
 Metaspace       used 60959K, committed 62272K, reserved 1114112K
  class space    used 7116K, committed 7680K, reserved 1048576K
}
Event: 65.599 GC heap before
{Heap before GC invocations=70 (full 3):
 PSYoungGen      total 10752K, used 10434K [0x00000000d5580000, 0x00000000d6180000, 0x0000000100000000)
  eden space 9216K, 100% used [0x00000000d5580000,0x00000000d5e80000,0x00000000d5e80000)
  from space 1536K, 79% used [0x00000000d6000000,0x00000000d6130800,0x00000000d6180000)
  to   space 1536K, 0% used [0x00000000d5e80000,0x00000000d5e80000,0x00000000d6000000)
 ParOldGen       total 68608K, used 58511K [0x0000000080000000, 0x0000000084300000, 0x00000000d5580000)
  object space 68608K, 85% used [0x0000000080000000,0x0000000083923d08,0x0000000084300000)
 Metaspace       used 60965K, committed 62272K, reserved 1114112K
  class space    used 7116K, committed 7680K, reserved 1048576K
}
Event: 65.602 GC heap after
{Heap after GC invocations=70 (full 3):
 PSYoungGen      total 10752K, used 1092K [0x00000000d5580000, 0x00000000d6180000, 0x0000000100000000)
  eden space 9216K, 0% used [0x00000000d5580000,0x00000000d5580000,0x00000000d5e80000)
  from space 1536K, 71% used [0x00000000d5e80000,0x00000000d5f91000,0x00000000d6000000)
  to   space 1536K, 0% used [0x00000000d6000000,0x00000000d6000000,0x00000000d6180000)
 ParOldGen       total 68608K, used 59541K [0x0000000080000000, 0x0000000084300000, 0x00000000d5580000)
  object space 68608K, 86% used [0x0000000080000000,0x0000000083a256b8,0x0000000084300000)
 Metaspace       used 60965K, committed 62272K, reserved 1114112K
  class space    used 7116K, committed 7680K, reserved 1048576K
}
Event: 65.619 GC heap before
{Heap before GC invocations=71 (full 3):
 PSYoungGen      total 10752K, used 10308K [0x00000000d5580000, 0x00000000d6180000, 0x0000000100000000)
  eden space 9216K, 100% used [0x00000000d5580000,0x00000000d5e80000,0x00000000d5e80000)
  from space 1536K, 71% used [0x00000000d5e80000,0x00000000d5f91000,0x00000000d6000000)
  to   space 1536K, 0% used [0x00000000d6000000,0x00000000d6000000,0x00000000d6180000)
 ParOldGen       total 68608K, used 59541K [0x0000000080000000, 0x0000000084300000, 0x00000000d5580000)
  object space 68608K, 86% used [0x0000000080000000,0x0000000083a256b8,0x0000000084300000)
 Metaspace       used 60968K, committed 62336K, reserved 1114112K
  class space    used 7116K, committed 7680K, reserved 1048576K
}
Event: 65.622 GC heap after
{Heap after GC invocations=71 (full 3):
 PSYoungGen      total 10240K, used 960K [0x00000000d5580000, 0x00000000d6100000, 0x0000000100000000)
  eden space 9216K, 0% used [0x00000000d5580000,0x00000000d5580000,0x00000000d5e80000)
  from space 1024K, 93% used [0x00000000d6000000,0x00000000d60f0000,0x00000000d6100000)
  to   space 1024K, 0% used [0x00000000d5f00000,0x00000000d5f00000,0x00000000d6000000)
 ParOldGen       total 68608K, used 60611K [0x0000000080000000, 0x0000000084300000, 0x00000000d5580000)
  object space 68608K, 88% used [0x0000000080000000,0x0000000083b30ce0,0x0000000084300000)
 Metaspace       used 60968K, committed 62336K, reserved 1114112K
  class space    used 7116K, committed 7680K, reserved 1048576K
}
Event: 65.642 GC heap before
{Heap before GC invocations=72 (full 3):
 PSYoungGen      total 10240K, used 10176K [0x00000000d5580000, 0x00000000d6100000, 0x0000000100000000)
  eden space 9216K, 100% used [0x00000000d5580000,0x00000000d5e80000,0x00000000d5e80000)
  from space 1024K, 93% used [0x00000000d6000000,0x00000000d60f0000,0x00000000d6100000)
  to   space 1024K, 0% used [0x00000000d5f00000,0x00000000d5f00000,0x00000000d6000000)
 ParOldGen       total 68608K, used 60611K [0x0000000080000000, 0x0000000084300000, 0x00000000d5580000)
  object space 68608K, 88% used [0x0000000080000000,0x0000000083b30ce0,0x0000000084300000)
 Metaspace       used 60968K, committed 62336K, reserved 1114112K
  class space    used 7116K, committed 7680K, reserved 1048576K
}
Event: 65.645 GC heap after
{Heap after GC invocations=72 (full 3):
 PSYoungGen      total 10240K, used 992K [0x00000000d5580000, 0x00000000d6080000, 0x0000000100000000)
  eden space 9216K, 0% used [0x00000000d5580000,0x00000000d5580000,0x00000000d5e80000)
  from space 1024K, 96% used [0x00000000d5f00000,0x00000000d5ff8000,0x00000000d6000000)
  to   space 512K, 0% used [0x00000000d6000000,0x00000000d6000000,0x00000000d6080000)
 ParOldGen       total 68608K, used 61507K [0x0000000080000000, 0x0000000084300000, 0x00000000d5580000)
  object space 68608K, 89% used [0x0000000080000000,0x0000000083c10ce0,0x0000000084300000)
 Metaspace       used 60968K, committed 62336K, reserved 1114112K
  class space    used 7116K, committed 7680K, reserved 1048576K
}
Event: 65.679 GC heap before
{Heap before GC invocations=73 (full 3):
 PSYoungGen      total 10240K, used 10208K [0x00000000d5580000, 0x00000000d6080000, 0x0000000100000000)
  eden space 9216K, 100% used [0x00000000d5580000,0x00000000d5e80000,0x00000000d5e80000)
  from space 1024K, 96% used [0x00000000d5f00000,0x00000000d5ff8000,0x00000000d6000000)
  to   space 512K, 0% used [0x00000000d6000000,0x00000000d6000000,0x00000000d6080000)
 ParOldGen       total 68608K, used 61507K [0x0000000080000000, 0x0000000084300000, 0x00000000d5580000)
  object space 68608K, 89% used [0x0000000080000000,0x0000000083c10ce0,0x0000000084300000)
 Metaspace       used 60989K, committed 62336K, reserved 1114112K
  class space    used 7116K, committed 7680K, reserved 1048576K
}
Event: 65.682 GC heap after
{Heap after GC invocations=73 (full 3):
 PSYoungGen      total 8704K, used 512K [0x00000000d5580000, 0x00000000d6380000, 0x0000000100000000)
  eden space 8192K, 0% used [0x00000000d5580000,0x00000000d5580000,0x00000000d5d80000)
  from space 512K, 100% used [0x00000000d6000000,0x00000000d6080000,0x00000000d6080000)
  to   space 2560K, 0% used [0x00000000d5d80000,0x00000000d5d80000,0x00000000d6000000)
 ParOldGen       total 68608K, used 63011K [0x0000000080000000, 0x0000000084300000, 0x00000000d5580000)
  object space 68608K, 91% used [0x0000000080000000,0x0000000083d88cf0,0x0000000084300000)
 Metaspace       used 60989K, committed 62336K, reserved 1114112K
  class space    used 7116K, committed 7680K, reserved 1048576K
}
Event: 65.706 GC heap before
{Heap before GC invocations=74 (full 3):
 PSYoungGen      total 8704K, used 8704K [0x00000000d5580000, 0x00000000d6380000, 0x0000000100000000)
  eden space 8192K, 100% used [0x00000000d5580000,0x00000000d5d80000,0x00000000d5d80000)
  from space 512K, 100% used [0x00000000d6000000,0x00000000d6080000,0x00000000d6080000)
  to   space 2560K, 0% used [0x00000000d5d80000,0x00000000d5d80000,0x00000000d6000000)
 ParOldGen       total 68608K, used 63011K [0x0000000080000000, 0x0000000084300000, 0x00000000d5580000)
  object space 68608K, 91% used [0x0000000080000000,0x0000000083d88cf0,0x0000000084300000)
 Metaspace       used 60996K, committed 62336K, reserved 1114112K
  class space    used 7116K, committed 7680K, reserved 1048576K
}
Event: 65.708 GC heap after
{Heap after GC invocations=74 (full 3):
 PSYoungGen      total 9216K, used 832K [0x00000000d5580000, 0x00000000d6080000, 0x0000000100000000)
  eden space 8192K, 0% used [0x00000000d5580000,0x00000000d5580000,0x00000000d5d80000)
  from space 1024K, 81% used [0x00000000d5d80000,0x00000000d5e50000,0x00000000d5e80000)
  to   space 1536K, 0% used [0x00000000d5f00000,0x00000000d5f00000,0x00000000d6080000)
 ParOldGen       total 68608K, used 63531K [0x0000000080000000, 0x0000000084300000, 0x00000000d5580000)
  object space 68608K, 92% used [0x0000000080000000,0x0000000083e0acf0,0x0000000084300000)
 Metaspace       used 60996K, committed 62336K, reserved 1114112K
  class space    used 7116K, committed 7680K, reserved 1048576K
}
Event: 65.736 GC heap before
{Heap before GC invocations=75 (full 3):
 PSYoungGen      total 9216K, used 9024K [0x00000000d5580000, 0x00000000d6080000, 0x0000000100000000)
  eden space 8192K, 100% used [0x00000000d5580000,0x00000000d5d80000,0x00000000d5d80000)
  from space 1024K, 81% used [0x00000000d5d80000,0x00000000d5e50000,0x00000000d5e80000)
  to   space 1536K, 0% used [0x00000000d5f00000,0x00000000d5f00000,0x00000000d6080000)
 ParOldGen       total 68608K, used 63531K [0x0000000080000000, 0x0000000084300000, 0x00000000d5580000)
  object space 68608K, 92% used [0x0000000080000000,0x0000000083e0acf0,0x0000000084300000)
 Metaspace       used 61010K, committed 62336K, reserved 1114112K
  class space    used 7116K, committed 7680K, reserved 1048576K
}
Event: 65.738 GC heap after
{Heap after GC invocations=75 (full 3):
 PSYoungGen      total 9216K, used 832K [0x00000000d5580000, 0x00000000d6000000, 0x0000000100000000)
  eden space 8192K, 0% used [0x00000000d5580000,0x00000000d5580000,0x00000000d5d80000)
  from space 1024K, 81% used [0x00000000d5f00000,0x00000000d5fd0000,0x00000000d6000000)
  to   space 1024K, 0% used [0x00000000d5d80000,0x00000000d5d80000,0x00000000d5e80000)
 ParOldGen       total 68608K, used 64323K [0x0000000080000000, 0x0000000084300000, 0x00000000d5580000)
  object space 68608K, 93% used [0x0000000080000000,0x0000000083ed0cf0,0x0000000084300000)
 Metaspace       used 61010K, committed 62336K, reserved 1114112K
  class space    used 7116K, committed 7680K, reserved 1048576K
}
Event: 65.829 GC heap before
{Heap before GC invocations=76 (full 3):
 PSYoungGen      total 9216K, used 9024K [0x00000000d5580000, 0x00000000d6000000, 0x0000000100000000)
  eden space 8192K, 100% used [0x00000000d5580000,0x00000000d5d80000,0x00000000d5d80000)
  from space 1024K, 81% used [0x00000000d5f00000,0x00000000d5fd0000,0x00000000d6000000)
  to   space 1024K, 0% used [0x00000000d5d80000,0x00000000d5d80000,0x00000000d5e80000)
 ParOldGen       total 68608K, used 64323K [0x0000000080000000, 0x0000000084300000, 0x00000000d5580000)
  object space 68608K, 93% used [0x0000000080000000,0x0000000083ed0cf0,0x0000000084300000)
 Metaspace       used 61237K, committed 62528K, reserved 1114112K
  class space    used 7142K, committed 7680K, reserved 1048576K
}
Event: 65.831 GC heap after
{Heap after GC invocations=76 (full 3):
 PSYoungGen      total 9216K, used 768K [0x00000000d5580000, 0x00000000d5f80000, 0x0000000100000000)
  eden space 8192K, 0% used [0x00000000d5580000,0x00000000d5580000,0x00000000d5d80000)
  from space 1024K, 75% used [0x00000000d5d80000,0x00000000d5e40020,0x00000000d5e80000)
  to   space 1024K, 0% used [0x00000000d5e80000,0x00000000d5e80000,0x00000000d5f80000)
 ParOldGen       total 68608K, used 65083K [0x0000000080000000, 0x0000000084300000, 0x00000000d5580000)
  object space 68608K, 94% used [0x0000000080000000,0x0000000083f8eef0,0x0000000084300000)
 Metaspace       used 61237K, committed 62528K, reserved 1114112K
  class space    used 7142K, committed 7680K, reserved 1048576K
}
Event: 1230.423 GC heap before
{Heap before GC invocations=77 (full 3):
 PSYoungGen      total 9216K, used 8960K [0x00000000d5580000, 0x00000000d5f80000, 0x0000000100000000)
  eden space 8192K, 100% used [0x00000000d5580000,0x00000000d5d80000,0x00000000d5d80000)
  from space 1024K, 75% used [0x00000000d5d80000,0x00000000d5e40020,0x00000000d5e80000)
  to   space 1024K, 0% used [0x00000000d5e80000,0x00000000d5e80000,0x00000000d5f80000)
 ParOldGen       total 68608K, used 65083K [0x0000000080000000, 0x0000000084300000, 0x00000000d5580000)
  object space 68608K, 94% used [0x0000000080000000,0x0000000083f8eef0,0x0000000084300000)
 Metaspace       used 61560K, committed 62912K, reserved 1114112K
  class space    used 7171K, committed 7744K, reserved 1048576K
}
Event: 1230.499 GC heap after
{Heap after GC invocations=77 (full 3):
 PSYoungGen      total 9216K, used 480K [0x00000000d5580000, 0x00000000d5f80000, 0x0000000100000000)
  eden space 8192K, 0% used [0x00000000d5580000,0x00000000d5580000,0x00000000d5d80000)
  from space 1024K, 46% used [0x00000000d5e80000,0x00000000d5ef8000,0x00000000d5f80000)
  to   space 1024K, 0% used [0x00000000d5d80000,0x00000000d5d80000,0x00000000d5e80000)
 ParOldGen       total 68608K, used 65807K [0x0000000080000000, 0x0000000084300000, 0x00000000d5580000)
  object space 68608K, 95% used [0x0000000080000000,0x0000000084043cc8,0x0000000084300000)
 Metaspace       used 61560K, committed 62912K, reserved 1114112K
  class space    used 7171K, committed 7744K, reserved 1048576K
}

