# JRE version: OpenJDK Runtime Environment Temurin-21.0.8+9 (21.0.8+9) (build 21.0.8+9-LTS)
# Java VM: OpenJDK 64-Bit Server VM Temurin-21.0.8+9 (21.0.8+9-LTS, mixed mode, sharing, tiered, compressed oops, compressed class ptrs, parallel gc, windows-amd64)
GC Precious Log:
 CardTable entry size: 512
 CPUs: 4 total, 4 available
 Memory: 7987M
 Large Page Support: Disabled
 NUMA Support: Disabled
 Compressed Oops: Enabled (32-bit)
 Alignments: Space 512K, Generation 512K, Heap 2M
 Heap Min Capacity: 100M
 Heap Initial Capacity: 100M
 Heap Max Capacity: 2G
 Pre-touch: Disabled
 Parallel Workers: 4
Heap:
 PSYoungGen      total 4608K, used 638K [0x00000000d5580000, 0x00000000d5c00000, 0x0000000100000000)
  eden space 4096K, 7% used [0x00000000d5580000,0x00000000d55cf900,0x00000000d5980000)
  from space 512K, 62% used [0x00000000d5b80000,0x00000000d5bd0000,0x00000000d5c00000)
  to   space 1024K, 0% used [0x00000000d5a00000,0x00000000d5a00000,0x00000000d5b00000)
 ParOldGen       total 205824K, used 185347K [0x0000000080000000, 0x000000008c900000, 0x00000000d5580000)
  object space 205824K, 90% used [0x0000000080000000,0x000000008b500fd8,0x000000008c900000)
 Metaspace       used 71018K, committed 72512K, reserved 1114112K
  class space    used 7614K, committed 8320K, reserved 1048576K
GC Heap History (20 events):
Event: 192.009 GC heap before
{Heap before GC invocations=575 (full 4):
 PSYoungGen      total 1536K, used 1424K [0x00000000d5580000, 0x00000000d5880000, 0x0000000100000000)
  eden space 1024K, 99% used [0x00000000d5580000,0x00000000d567fa50,0x00000000d5680000)
  from space 512K, 78% used [0x00000000d5800000,0x00000000d5864860,0x00000000d5880000)
  to   space 1024K, 0% used [0x00000000d5680000,0x00000000d5680000,0x00000000d5780000)
 ParOldGen       total 205824K, used 172018K [0x0000000080000000, 0x000000008c900000, 0x00000000d5580000)
  object space 205824K, 83% used [0x0000000080000000,0x000000008a7fc818,0x000000008c900000)
 Metaspace       used 70744K, committed 72192K, reserved 1114112K
  class space    used 7585K, committed 8256K, reserved 1048576K
}
Event: 192.011 GC heap after
{Heap after GC invocations=575 (full 4):
 PSYoungGen      total 2048K, used 969K [0x00000000d5580000, 0x00000000d5a00000, 0x0000000100000000)
  eden space 1024K, 0% used [0x00000000d5580000,0x00000000d5580000,0x00000000d5680000)
  from space 1024K, 94% used [0x00000000d5680000,0x00000000d5772480,0x00000000d5780000)
  to   space 1536K, 0% used [0x00000000d5880000,0x00000000d5880000,0x00000000d5a00000)
 ParOldGen       total 205824K, used 172343K [0x0000000080000000, 0x000000008c900000, 0x00000000d5580000)
  object space 205824K, 83% used [0x0000000080000000,0x000000008a84ddd8,0x000000008c900000)
 Metaspace       used 70744K, committed 72192K, reserved 1114112K
  class space    used 7585K, committed 8256K, reserved 1048576K
}
Event: 192.013 GC heap before
{Heap before GC invocations=576 (full 4):
 PSYoungGen      total 2048K, used 1993K [0x00000000d5580000, 0x00000000d5a00000, 0x0000000100000000)
  eden space 1024K, 100% used [0x00000000d5580000,0x00000000d5680000,0x00000000d5680000)
  from space 1024K, 94% used [0x00000000d5680000,0x00000000d5772480,0x00000000d5780000)
  to   space 1536K, 0% used [0x00000000d5880000,0x00000000d5880000,0x00000000d5a00000)
 ParOldGen       total 205824K, used 172343K [0x0000000080000000, 0x000000008c900000, 0x00000000d5580000)
  object space 205824K, 83% used [0x0000000080000000,0x000000008a84ddd8,0x000000008c900000)
 Metaspace       used 70744K, committed 72192K, reserved 1114112K
  class space    used 7585K, committed 8256K, reserved 1048576K
}
Event: 192.016 GC heap after
{Heap after GC invocations=576 (full 4):
 PSYoungGen      total 3072K, used 1074K [0x00000000d5580000, 0x00000000d5a00000, 0x0000000100000000)
  eden space 1536K, 0% used [0x00000000d5580000,0x00000000d5580000,0x00000000d5700000)
  from space 1536K, 69% used [0x00000000d5880000,0x00000000d598c880,0x00000000d5a00000)
  to   space 1536K, 0% used [0x00000000d5700000,0x00000000d5700000,0x00000000d5880000)
 ParOldGen       total 205824K, used 173293K [0x0000000080000000, 0x000000008c900000, 0x00000000d5580000)
  object space 205824K, 84% used [0x0000000080000000,0x000000008a93b658,0x000000008c900000)
 Metaspace       used 70744K, committed 72192K, reserved 1114112K
  class space    used 7585K, committed 8256K, reserved 1048576K
}
Event: 192.022 GC heap before
{Heap before GC invocations=577 (full 4):
 PSYoungGen      total 3072K, used 2610K [0x00000000d5580000, 0x00000000d5a00000, 0x0000000100000000)
  eden space 1536K, 100% used [0x00000000d5580000,0x00000000d5700000,0x00000000d5700000)
  from space 1536K, 69% used [0x00000000d5880000,0x00000000d598c880,0x00000000d5a00000)
  to   space 1536K, 0% used [0x00000000d5700000,0x00000000d5700000,0x00000000d5880000)
 ParOldGen       total 205824K, used 173293K [0x0000000080000000, 0x000000008c900000, 0x00000000d5580000)
  object space 205824K, 84% used [0x0000000080000000,0x000000008a93b658,0x000000008c900000)
 Metaspace       used 70744K, committed 72192K, reserved 1114112K
  class space    used 7585K, committed 8256K, reserved 1048576K
}
Event: 192.025 GC heap after
{Heap after GC invocations=577 (full 4):
 PSYoungGen      total 3072K, used 1497K [0x00000000d5580000, 0x00000000d5b80000, 0x0000000100000000)
  eden space 1536K, 0% used [0x00000000d5580000,0x00000000d5580000,0x00000000d5700000)
  from space 1536K, 97% used [0x00000000d5700000,0x00000000d5876580,0x00000000d5880000)
  to   space 2048K, 0% used [0x00000000d5980000,0x00000000d5980000,0x00000000d5b80000)
 ParOldGen       total 205824K, used 174293K [0x0000000080000000, 0x000000008c900000, 0x00000000d5580000)
  object space 205824K, 84% used [0x0000000080000000,0x000000008aa35558,0x000000008c900000)
 Metaspace       used 70744K, committed 72192K, reserved 1114112K
  class space    used 7585K, committed 8256K, reserved 1048576K
}
Event: 192.033 GC heap before
{Heap before GC invocations=578 (full 4):
 PSYoungGen      total 3072K, used 3033K [0x00000000d5580000, 0x00000000d5b80000, 0x0000000100000000)
  eden space 1536K, 100% used [0x00000000d5580000,0x00000000d5700000,0x00000000d5700000)
  from space 1536K, 97% used [0x00000000d5700000,0x00000000d5876580,0x00000000d5880000)
  to   space 2048K, 0% used [0x00000000d5980000,0x00000000d5980000,0x00000000d5b80000)
 ParOldGen       total 205824K, used 174293K [0x0000000080000000, 0x000000008c900000, 0x00000000d5580000)
  object space 205824K, 84% used [0x0000000080000000,0x000000008aa35558,0x000000008c900000)
 Metaspace       used 70751K, committed 72256K, reserved 1114112K
  class space    used 7585K, committed 8256K, reserved 1048576K
}
Event: 192.037 GC heap after
{Heap after GC invocations=578 (full 4):
 PSYoungGen      total 3584K, used 1511K [0x00000000d5580000, 0x00000000d5b00000, 0x0000000100000000)
  eden space 2048K, 0% used [0x00000000d5580000,0x00000000d5580000,0x00000000d5780000)
  from space 1536K, 98% used [0x00000000d5980000,0x00000000d5af9e00,0x00000000d5b00000)
  to   space 1536K, 0% used [0x00000000d5800000,0x00000000d5800000,0x00000000d5980000)
 ParOldGen       total 205824K, used 175767K [0x0000000080000000, 0x000000008c900000, 0x00000000d5580000)
  object space 205824K, 85% used [0x0000000080000000,0x000000008aba5dd8,0x000000008c900000)
 Metaspace       used 70751K, committed 72256K, reserved 1114112K
  class space    used 7585K, committed 8256K, reserved 1048576K
}
Event: 192.066 GC heap before
{Heap before GC invocations=579 (full 4):
 PSYoungGen      total 3584K, used 3559K [0x00000000d5580000, 0x00000000d5b00000, 0x0000000100000000)
  eden space 2048K, 100% used [0x00000000d5580000,0x00000000d5780000,0x00000000d5780000)
  from space 1536K, 98% used [0x00000000d5980000,0x00000000d5af9e00,0x00000000d5b00000)
  to   space 1536K, 0% used [0x00000000d5800000,0x00000000d5800000,0x00000000d5980000)
 ParOldGen       total 205824K, used 175767K [0x0000000080000000, 0x000000008c900000, 0x00000000d5580000)
  object space 205824K, 85% used [0x0000000080000000,0x000000008aba5dd8,0x000000008c900000)
 Metaspace       used 70751K, committed 72256K, reserved 1114112K
  class space    used 7585K, committed 8256K, reserved 1048576K
}
Event: 192.069 GC heap after
{Heap after GC invocations=579 (full 4):
 PSYoungGen      total 4096K, used 1536K [0x00000000d5580000, 0x00000000d6000000, 0x0000000100000000)
  eden space 2560K, 0% used [0x00000000d5580000,0x00000000d5580000,0x00000000d5800000)
  from space 1536K, 100% used [0x00000000d5800000,0x00000000d5980000,0x00000000d5980000)
  to   space 4096K, 0% used [0x00000000d5c00000,0x00000000d5c00000,0x00000000d6000000)
 ParOldGen       total 205824K, used 177605K [0x0000000080000000, 0x000000008c900000, 0x00000000d5580000)
  object space 205824K, 86% used [0x0000000080000000,0x000000008ad717d8,0x000000008c900000)
 Metaspace       used 70751K, committed 72256K, reserved 1114112K
  class space    used 7585K, committed 8256K, reserved 1048576K
}
Event: 192.081 GC heap before
{Heap before GC invocations=580 (full 4):
 PSYoungGen      total 4096K, used 4096K [0x00000000d5580000, 0x00000000d6000000, 0x0000000100000000)
  eden space 2560K, 100% used [0x00000000d5580000,0x00000000d5800000,0x00000000d5800000)
  from space 1536K, 100% used [0x00000000d5800000,0x00000000d5980000,0x00000000d5980000)
  to   space 4096K, 0% used [0x00000000d5c00000,0x00000000d5c00000,0x00000000d6000000)
 ParOldGen       total 205824K, used 177605K [0x0000000080000000, 0x000000008c900000, 0x00000000d5580000)
  object space 205824K, 86% used [0x0000000080000000,0x000000008ad717d8,0x000000008c900000)
 Metaspace       used 70755K, committed 72256K, reserved 1114112K
  class space    used 7585K, committed 8256K, reserved 1048576K
}
Event: 192.086 GC heap after
{Heap after GC invocations=580 (full 4):
 PSYoungGen      total 5632K, used 2272K [0x00000000d5580000, 0x00000000d5e80000, 0x0000000100000000)
  eden space 3072K, 0% used [0x00000000d5580000,0x00000000d5580000,0x00000000d5880000)
  from space 2560K, 88% used [0x00000000d5c00000,0x00000000d5e38000,0x00000000d5e80000)
  to   space 3072K, 0% used [0x00000000d5880000,0x00000000d5880000,0x00000000d5b80000)
 ParOldGen       total 205824K, used 179173K [0x0000000080000000, 0x000000008c900000, 0x00000000d5580000)
  object space 205824K, 87% used [0x0000000080000000,0x000000008aef97d8,0x000000008c900000)
 Metaspace       used 70755K, committed 72256K, reserved 1114112K
  class space    used 7585K, committed 8256K, reserved 1048576K
}
Event: 192.097 GC heap before
{Heap before GC invocations=581 (full 4):
 PSYoungGen      total 5632K, used 5344K [0x00000000d5580000, 0x00000000d5e80000, 0x0000000100000000)
  eden space 3072K, 100% used [0x00000000d5580000,0x00000000d5880000,0x00000000d5880000)
  from space 2560K, 88% used [0x00000000d5c00000,0x00000000d5e38000,0x00000000d5e80000)
  to   space 3072K, 0% used [0x00000000d5880000,0x00000000d5880000,0x00000000d5b80000)
 ParOldGen       total 205824K, used 179173K [0x0000000080000000, 0x000000008c900000, 0x00000000d5580000)
  object space 205824K, 87% used [0x0000000080000000,0x000000008aef97d8,0x000000008c900000)
 Metaspace       used 70755K, committed 72256K, reserved 1114112K
  class space    used 7585K, committed 8256K, reserved 1048576K
}
Event: 192.099 GC heap after
{Heap after GC invocations=581 (full 4):
 PSYoungGen      total 6144K, used 2528K [0x00000000d5580000, 0x00000000d5f80000, 0x0000000100000000)
  eden space 3072K, 0% used [0x00000000d5580000,0x00000000d5580000,0x00000000d5880000)
  from space 3072K, 82% used [0x00000000d5880000,0x00000000d5af8000,0x00000000d5b80000)
  to   space 3072K, 0% used [0x00000000d5c80000,0x00000000d5c80000,0x00000000d5f80000)
 ParOldGen       total 205824K, used 181403K [0x0000000080000000, 0x000000008c900000, 0x00000000d5580000)
  object space 205824K, 88% used [0x0000000080000000,0x000000008b126fd8,0x000000008c900000)
 Metaspace       used 70755K, committed 72256K, reserved 1114112K
  class space    used 7585K, committed 8256K, reserved 1048576K
}
Event: 192.133 GC heap before
{Heap before GC invocations=582 (full 4):
 PSYoungGen      total 6144K, used 5600K [0x00000000d5580000, 0x00000000d5f80000, 0x0000000100000000)
  eden space 3072K, 100% used [0x00000000d5580000,0x00000000d5880000,0x00000000d5880000)
  from space 3072K, 82% used [0x00000000d5880000,0x00000000d5af8000,0x00000000d5b80000)
  to   space 3072K, 0% used [0x00000000d5c80000,0x00000000d5c80000,0x00000000d5f80000)
 ParOldGen       total 205824K, used 181403K [0x0000000080000000, 0x000000008c900000, 0x00000000d5580000)
  object space 205824K, 88% used [0x0000000080000000,0x000000008b126fd8,0x000000008c900000)
 Metaspace       used 70758K, committed 72256K, reserved 1114112K
  class space    used 7585K, committed 8256K, reserved 1048576K
}
Event: 192.138 GC heap after
{Heap after GC invocations=582 (full 4):
 PSYoungGen      total 5632K, used 1146K [0x00000000d5580000, 0x00000000d5e00000, 0x0000000100000000)
  eden space 4096K, 0% used [0x00000000d5580000,0x00000000d5580000,0x00000000d5980000)
  from space 1536K, 74% used [0x00000000d5c80000,0x00000000d5d9e830,0x00000000d5e00000)
  to   space 2048K, 0% used [0x00000000d5a00000,0x00000000d5a00000,0x00000000d5c00000)
 ParOldGen       total 205824K, used 183899K [0x0000000080000000, 0x000000008c900000, 0x00000000d5580000)
  object space 205824K, 89% used [0x0000000080000000,0x000000008b396fd8,0x000000008c900000)
 Metaspace       used 70758K, committed 72256K, reserved 1114112K
  class space    used 7585K, committed 8256K, reserved 1048576K
}
Event: 342.052 GC heap before
{Heap before GC invocations=583 (full 4):
 PSYoungGen      total 5632K, used 5242K [0x00000000d5580000, 0x00000000d5e00000, 0x0000000100000000)
  eden space 4096K, 99% used [0x00000000d5580000,0x00000000d597fff8,0x00000000d5980000)
  from space 1536K, 74% used [0x00000000d5c80000,0x00000000d5d9e830,0x00000000d5e00000)
  to   space 2048K, 0% used [0x00000000d5a00000,0x00000000d5a00000,0x00000000d5c00000)
 ParOldGen       total 205824K, used 183899K [0x0000000080000000, 0x000000008c900000, 0x00000000d5580000)
  object space 205824K, 89% used [0x0000000080000000,0x000000008b396fd8,0x000000008c900000)
 Metaspace       used 70782K, committed 72256K, reserved 1114112K
  class space    used 7587K, committed 8256K, reserved 1048576K
}
Event: 342.225 GC heap after
{Heap after GC invocations=583 (full 4):
 PSYoungGen      total 5632K, used 1280K [0x00000000d5580000, 0x00000000d5d00000, 0x0000000100000000)
  eden space 4096K, 0% used [0x00000000d5580000,0x00000000d5580000,0x00000000d5980000)
  from space 1536K, 83% used [0x00000000d5a00000,0x00000000d5b40010,0x00000000d5b80000)
  to   space 1536K, 0% used [0x00000000d5b80000,0x00000000d5b80000,0x00000000d5d00000)
 ParOldGen       total 205824K, used 184363K [0x0000000080000000, 0x000000008c900000, 0x00000000d5580000)
  object space 205824K, 89% used [0x0000000080000000,0x000000008b40afd8,0x000000008c900000)
 Metaspace       used 70782K, committed 72256K, reserved 1114112K
  class space    used 7587K, committed 8256K, reserved 1048576K
}
Event: 457.195 GC heap before
{Heap before GC invocations=584 (full 4):
 PSYoungGen      total 5632K, used 5376K [0x00000000d5580000, 0x00000000d5d00000, 0x0000000100000000)
  eden space 4096K, 100% used [0x00000000d5580000,0x00000000d5980000,0x00000000d5980000)
  from space 1536K, 83% used [0x00000000d5a00000,0x00000000d5b40010,0x00000000d5b80000)
  to   space 1536K, 0% used [0x00000000d5b80000,0x00000000d5b80000,0x00000000d5d00000)
 ParOldGen       total 205824K, used 184363K [0x0000000080000000, 0x000000008c900000, 0x00000000d5580000)
  object space 205824K, 89% used [0x0000000080000000,0x000000008b40afd8,0x000000008c900000)
 Metaspace       used 71011K, committed 72512K, reserved 1114112K
  class space    used 7613K, committed 8320K, reserved 1048576K
}
Event: 457.208 GC heap after
{Heap after GC invocations=584 (full 4):
 PSYoungGen      total 4608K, used 320K [0x00000000d5580000, 0x00000000d5c00000, 0x0000000100000000)
  eden space 4096K, 0% used [0x00000000d5580000,0x00000000d5580000,0x00000000d5980000)
  from space 512K, 62% used [0x00000000d5b80000,0x00000000d5bd0000,0x00000000d5c00000)
  to   space 1024K, 0% used [0x00000000d5a00000,0x00000000d5a00000,0x00000000d5b00000)
 ParOldGen       total 205824K, used 185347K [0x0000000080000000, 0x000000008c900000, 0x00000000d5580000)
  object space 205824K, 90% used [0x0000000080000000,0x000000008b500fd8,0x000000008c900000)
 Metaspace       used 71011K, committed 72512K, reserved 1114112K
  class space    used 7613K, committed 8320K, reserved 1048576K
}

