# JRE version: OpenJDK Runtime Environment Temurin-21.0.8+9 (21.0.8+9) (build 21.0.8+9-LTS)
# Java VM: OpenJDK 64-Bit Server VM Temurin-21.0.8+9 (21.0.8+9-LTS, mixed mode, sharing, tiered, compressed oops, compressed class ptrs, parallel gc, windows-amd64)
GC Precious Log:
 CardTable entry size: 512
 CPUs: 4 total, 4 available
 Memory: 7987M
 Large Page Support: Disabled
 NUMA Support: Disabled
 Compressed Oops: Enabled (32-bit)
 Alignments: Space 512K, Generation 512K, Heap 2M
 Heap Min Capacity: 100M
 Heap Initial Capacity: 100M
 Heap Max Capacity: 2G
 Pre-touch: Disabled
 Parallel Workers: 4
Heap:
 PSYoungGen      total 2048K, used 1920K [0x00000000d5580000, 0x00000000d5880000, 0x0000000100000000)
  eden space 1536K, 100% used [0x00000000d5580000,0x00000000d5700000,0x00000000d5700000)
  from space 512K, 75% used [0x00000000d5780000,0x00000000d57e0000,0x00000000d5800000)
  to   space 512K, 0% used [0x00000000d5800000,0x00000000d5800000,0x00000000d5880000)
 ParOldGen       total 437248K, used 112112K [0x0000000080000000, 0x000000009ab00000, 0x00000000d5580000)
  object space 437248K, 25% used [0x0000000080000000,0x0000000086d7c158,0x000000009ab00000)
 Metaspace       used 71856K, committed 73408K, reserved 1179648K
  class space    used 7687K, committed 8384K, reserved 1048576K
GC Heap History (20 events):
Event: 1475.845 GC heap before
{Heap before GC invocations=1670 (full 4):
 PSYoungGen      total 2048K, used 1664K [0x00000000d5580000, 0x00000000d5880000, 0x0000000100000000)
  eden space 1536K, 100% used [0x00000000d5580000,0x00000000d5700000,0x00000000d5700000)
  from space 512K, 25% used [0x00000000d5780000,0x00000000d57a0000,0x00000000d5800000)
  to   space 512K, 0% used [0x00000000d5800000,0x00000000d5800000,0x00000000d5880000)
 ParOldGen       total 437248K, used 111037K [0x0000000080000000, 0x000000009ab00000, 0x00000000d5580000)
  object space 437248K, 25% used [0x0000000080000000,0x0000000086c6f508,0x000000009ab00000)
 Metaspace       used 71839K, committed 73344K, reserved 1179648K
  class space    used 7687K, committed 8384K, reserved 1048576K
}
Event: 1475.846 GC heap after
{Heap after GC invocations=1670 (full 4):
 PSYoungGen      total 2048K, used 128K [0x00000000d5580000, 0x00000000d5880000, 0x0000000100000000)
  eden space 1536K, 0% used [0x00000000d5580000,0x00000000d5580000,0x00000000d5700000)
  from space 512K, 25% used [0x00000000d5800000,0x00000000d5820000,0x00000000d5880000)
  to   space 512K, 0% used [0x00000000d5780000,0x00000000d5780000,0x00000000d5800000)
 ParOldGen       total 437248K, used 111077K [0x0000000080000000, 0x000000009ab00000, 0x00000000d5580000)
  object space 437248K, 25% used [0x0000000080000000,0x0000000086c79508,0x000000009ab00000)
 Metaspace       used 71839K, committed 73344K, reserved 1179648K
  class space    used 7687K, committed 8384K, reserved 1048576K
}
Event: 1475.877 GC heap before
{Heap before GC invocations=1671 (full 4):
 PSYoungGen      total 2048K, used 1664K [0x00000000d5580000, 0x00000000d5880000, 0x0000000100000000)
  eden space 1536K, 100% used [0x00000000d5580000,0x00000000d5700000,0x00000000d5700000)
  from space 512K, 25% used [0x00000000d5800000,0x00000000d5820000,0x00000000d5880000)
  to   space 512K, 0% used [0x00000000d5780000,0x00000000d5780000,0x00000000d5800000)
 ParOldGen       total 437248K, used 111077K [0x0000000080000000, 0x000000009ab00000, 0x00000000d5580000)
  object space 437248K, 25% used [0x0000000080000000,0x0000000086c79508,0x000000009ab00000)
 Metaspace       used 71840K, committed 73344K, reserved 1179648K
  class space    used 7687K, committed 8384K, reserved 1048576K
}
Event: 1475.878 GC heap after
{Heap after GC invocations=1671 (full 4):
 PSYoungGen      total 2048K, used 226K [0x00000000d5580000, 0x00000000d5880000, 0x0000000100000000)
  eden space 1536K, 0% used [0x00000000d5580000,0x00000000d5580000,0x00000000d5700000)
  from space 512K, 44% used [0x00000000d5780000,0x00000000d57b8a68,0x00000000d5800000)
  to   space 512K, 0% used [0x00000000d5800000,0x00000000d5800000,0x00000000d5880000)
 ParOldGen       total 437248K, used 111109K [0x0000000080000000, 0x000000009ab00000, 0x00000000d5580000)
  object space 437248K, 25% used [0x0000000080000000,0x0000000086c81508,0x000000009ab00000)
 Metaspace       used 71840K, committed 73344K, reserved 1179648K
  class space    used 7687K, committed 8384K, reserved 1048576K
}
Event: 1475.937 GC heap before
{Heap before GC invocations=1672 (full 4):
 PSYoungGen      total 2048K, used 1762K [0x00000000d5580000, 0x00000000d5880000, 0x0000000100000000)
  eden space 1536K, 100% used [0x00000000d5580000,0x00000000d5700000,0x00000000d5700000)
  from space 512K, 44% used [0x00000000d5780000,0x00000000d57b8a68,0x00000000d5800000)
  to   space 512K, 0% used [0x00000000d5800000,0x00000000d5800000,0x00000000d5880000)
 ParOldGen       total 437248K, used 111109K [0x0000000080000000, 0x000000009ab00000, 0x00000000d5580000)
  object space 437248K, 25% used [0x0000000080000000,0x0000000086c81508,0x000000009ab00000)
 Metaspace       used 71846K, committed 73408K, reserved 1179648K
  class space    used 7687K, committed 8384K, reserved 1048576K
}
Event: 1475.938 GC heap after
{Heap after GC invocations=1672 (full 4):
 PSYoungGen      total 2048K, used 160K [0x00000000d5580000, 0x00000000d5880000, 0x0000000100000000)
  eden space 1536K, 0% used [0x00000000d5580000,0x00000000d5580000,0x00000000d5700000)
  from space 512K, 31% used [0x00000000d5800000,0x00000000d5828010,0x00000000d5880000)
  to   space 512K, 0% used [0x00000000d5780000,0x00000000d5780000,0x00000000d5800000)
 ParOldGen       total 437248K, used 111133K [0x0000000080000000, 0x000000009ab00000, 0x00000000d5580000)
  object space 437248K, 25% used [0x0000000080000000,0x0000000086c87508,0x000000009ab00000)
 Metaspace       used 71846K, committed 73408K, reserved 1179648K
  class space    used 7687K, committed 8384K, reserved 1048576K
}
Event: 1476.008 GC heap before
{Heap before GC invocations=1673 (full 4):
 PSYoungGen      total 2048K, used 1696K [0x00000000d5580000, 0x00000000d5880000, 0x0000000100000000)
  eden space 1536K, 100% used [0x00000000d5580000,0x00000000d5700000,0x00000000d5700000)
  from space 512K, 31% used [0x00000000d5800000,0x00000000d5828010,0x00000000d5880000)
  to   space 512K, 0% used [0x00000000d5780000,0x00000000d5780000,0x00000000d5800000)
 ParOldGen       total 437248K, used 111133K [0x0000000080000000, 0x000000009ab00000, 0x00000000d5580000)
  object space 437248K, 25% used [0x0000000080000000,0x0000000086c87508,0x000000009ab00000)
 Metaspace       used 71846K, committed 73408K, reserved 1179648K
  class space    used 7687K, committed 8384K, reserved 1048576K
}
Event: 1476.010 GC heap after
{Heap after GC invocations=1673 (full 4):
 PSYoungGen      total 2048K, used 128K [0x00000000d5580000, 0x00000000d5880000, 0x0000000100000000)
  eden space 1536K, 0% used [0x00000000d5580000,0x00000000d5580000,0x00000000d5700000)
  from space 512K, 25% used [0x00000000d5780000,0x00000000d57a0000,0x00000000d5800000)
  to   space 512K, 0% used [0x00000000d5800000,0x00000000d5800000,0x00000000d5880000)
 ParOldGen       total 437248K, used 111165K [0x0000000080000000, 0x000000009ab00000, 0x00000000d5580000)
  object space 437248K, 25% used [0x0000000080000000,0x0000000086c8f508,0x000000009ab00000)
 Metaspace       used 71846K, committed 73408K, reserved 1179648K
  class space    used 7687K, committed 8384K, reserved 1048576K
}
Event: 1476.042 GC heap before
{Heap before GC invocations=1674 (full 4):
 PSYoungGen      total 2048K, used 1658K [0x00000000d5580000, 0x00000000d5880000, 0x0000000100000000)
  eden space 1536K, 99% used [0x00000000d5580000,0x00000000d56fe990,0x00000000d5700000)
  from space 512K, 25% used [0x00000000d5780000,0x00000000d57a0000,0x00000000d5800000)
  to   space 512K, 0% used [0x00000000d5800000,0x00000000d5800000,0x00000000d5880000)
 ParOldGen       total 437248K, used 111165K [0x0000000080000000, 0x000000009ab00000, 0x00000000d5580000)
  object space 437248K, 25% used [0x0000000080000000,0x0000000086c8f508,0x000000009ab00000)
 Metaspace       used 71846K, committed 73408K, reserved 1179648K
  class space    used 7687K, committed 8384K, reserved 1048576K
}
Event: 1476.043 GC heap after
{Heap after GC invocations=1674 (full 4):
 PSYoungGen      total 2048K, used 128K [0x00000000d5580000, 0x00000000d5880000, 0x0000000100000000)
  eden space 1536K, 0% used [0x00000000d5580000,0x00000000d5580000,0x00000000d5700000)
  from space 512K, 25% used [0x00000000d5800000,0x00000000d5820000,0x00000000d5880000)
  to   space 512K, 0% used [0x00000000d5780000,0x00000000d5780000,0x00000000d5800000)
 ParOldGen       total 437248K, used 111197K [0x0000000080000000, 0x000000009ab00000, 0x00000000d5580000)
  object space 437248K, 25% used [0x0000000080000000,0x0000000086c97508,0x000000009ab00000)
 Metaspace       used 71846K, committed 73408K, reserved 1179648K
  class space    used 7687K, committed 8384K, reserved 1048576K
}
Event: 1476.092 GC heap before
{Heap before GC invocations=1675 (full 4):
 PSYoungGen      total 2048K, used 1663K [0x00000000d5580000, 0x00000000d5880000, 0x0000000100000000)
  eden space 1536K, 99% used [0x00000000d5580000,0x00000000d56ffff8,0x00000000d5700000)
  from space 512K, 25% used [0x00000000d5800000,0x00000000d5820000,0x00000000d5880000)
  to   space 512K, 0% used [0x00000000d5780000,0x00000000d5780000,0x00000000d5800000)
 ParOldGen       total 437248K, used 111197K [0x0000000080000000, 0x000000009ab00000, 0x00000000d5580000)
  object space 437248K, 25% used [0x0000000080000000,0x0000000086c97508,0x000000009ab00000)
 Metaspace       used 71847K, committed 73408K, reserved 1179648K
  class space    used 7687K, committed 8384K, reserved 1048576K
}
Event: 1476.093 GC heap after
{Heap after GC invocations=1675 (full 4):
 PSYoungGen      total 2048K, used 128K [0x00000000d5580000, 0x00000000d5880000, 0x0000000100000000)
  eden space 1536K, 0% used [0x00000000d5580000,0x00000000d5580000,0x00000000d5700000)
  from space 512K, 25% used [0x00000000d5780000,0x00000000d57a0000,0x00000000d5800000)
  to   space 512K, 0% used [0x00000000d5800000,0x00000000d5800000,0x00000000d5880000)
 ParOldGen       total 437248K, used 111237K [0x0000000080000000, 0x000000009ab00000, 0x00000000d5580000)
  object space 437248K, 25% used [0x0000000080000000,0x0000000086ca1508,0x000000009ab00000)
 Metaspace       used 71847K, committed 73408K, reserved 1179648K
  class space    used 7687K, committed 8384K, reserved 1048576K
}
Event: 1476.114 GC heap before
{Heap before GC invocations=1676 (full 4):
 PSYoungGen      total 2048K, used 1663K [0x00000000d5580000, 0x00000000d5880000, 0x0000000100000000)
  eden space 1536K, 99% used [0x00000000d5580000,0x00000000d56fff70,0x00000000d5700000)
  from space 512K, 25% used [0x00000000d5780000,0x00000000d57a0000,0x00000000d5800000)
  to   space 512K, 0% used [0x00000000d5800000,0x00000000d5800000,0x00000000d5880000)
 ParOldGen       total 437248K, used 111237K [0x0000000080000000, 0x000000009ab00000, 0x00000000d5580000)
  object space 437248K, 25% used [0x0000000080000000,0x0000000086ca1508,0x000000009ab00000)
 Metaspace       used 71847K, committed 73408K, reserved 1179648K
  class space    used 7687K, committed 8384K, reserved 1048576K
}
Event: 1476.116 GC heap after
{Heap after GC invocations=1676 (full 4):
 PSYoungGen      total 2048K, used 64K [0x00000000d5580000, 0x00000000d5880000, 0x0000000100000000)
  eden space 1536K, 0% used [0x00000000d5580000,0x00000000d5580000,0x00000000d5700000)
  from space 512K, 12% used [0x00000000d5800000,0x00000000d5810000,0x00000000d5880000)
  to   space 512K, 0% used [0x00000000d5780000,0x00000000d5780000,0x00000000d5800000)
 ParOldGen       total 437248K, used 111333K [0x0000000080000000, 0x000000009ab00000, 0x00000000d5580000)
  object space 437248K, 25% used [0x0000000080000000,0x0000000086cb9508,0x000000009ab00000)
 Metaspace       used 71847K, committed 73408K, reserved 1179648K
  class space    used 7687K, committed 8384K, reserved 1048576K
}
Event: 1476.202 GC heap before
{Heap before GC invocations=1677 (full 4):
 PSYoungGen      total 2048K, used 1600K [0x00000000d5580000, 0x00000000d5880000, 0x0000000100000000)
  eden space 1536K, 100% used [0x00000000d5580000,0x00000000d5700000,0x00000000d5700000)
  from space 512K, 12% used [0x00000000d5800000,0x00000000d5810000,0x00000000d5880000)
  to   space 512K, 0% used [0x00000000d5780000,0x00000000d5780000,0x00000000d5800000)
 ParOldGen       total 437248K, used 111333K [0x0000000080000000, 0x000000009ab00000, 0x00000000d5580000)
  object space 437248K, 25% used [0x0000000080000000,0x0000000086cb9508,0x000000009ab00000)
 Metaspace       used 71847K, committed 73408K, reserved 1179648K
  class space    used 7687K, committed 8384K, reserved 1048576K
}
Event: 1476.203 GC heap after
{Heap after GC invocations=1677 (full 4):
 PSYoungGen      total 2048K, used 128K [0x00000000d5580000, 0x00000000d5880000, 0x0000000100000000)
  eden space 1536K, 0% used [0x00000000d5580000,0x00000000d5580000,0x00000000d5700000)
  from space 512K, 25% used [0x00000000d5780000,0x00000000d57a0000,0x00000000d5800000)
  to   space 512K, 0% used [0x00000000d5800000,0x00000000d5800000,0x00000000d5880000)
 ParOldGen       total 437248K, used 111333K [0x0000000080000000, 0x000000009ab00000, 0x00000000d5580000)
  object space 437248K, 25% used [0x0000000080000000,0x0000000086cb9508,0x000000009ab00000)
 Metaspace       used 71847K, committed 73408K, reserved 1179648K
  class space    used 7687K, committed 8384K, reserved 1048576K
}
Event: 1476.275 GC heap before
{Heap before GC invocations=1678 (full 4):
 PSYoungGen      total 2048K, used 1663K [0x00000000d5580000, 0x00000000d5880000, 0x0000000100000000)
  eden space 1536K, 99% used [0x00000000d5580000,0x00000000d56fff90,0x00000000d5700000)
  from space 512K, 25% used [0x00000000d5780000,0x00000000d57a0000,0x00000000d5800000)
  to   space 512K, 0% used [0x00000000d5800000,0x00000000d5800000,0x00000000d5880000)
 ParOldGen       total 437248K, used 111333K [0x0000000080000000, 0x000000009ab00000, 0x00000000d5580000)
  object space 437248K, 25% used [0x0000000080000000,0x0000000086cb9508,0x000000009ab00000)
 Metaspace       used 71849K, committed 73408K, reserved 1179648K
  class space    used 7687K, committed 8384K, reserved 1048576K
}
Event: 1476.276 GC heap after
{Heap after GC invocations=1678 (full 4):
 PSYoungGen      total 2048K, used 128K [0x00000000d5580000, 0x00000000d5880000, 0x0000000100000000)
  eden space 1536K, 0% used [0x00000000d5580000,0x00000000d5580000,0x00000000d5700000)
  from space 512K, 25% used [0x00000000d5800000,0x00000000d5820000,0x00000000d5880000)
  to   space 512K, 0% used [0x00000000d5780000,0x00000000d5780000,0x00000000d5800000)
 ParOldGen       total 437248K, used 111333K [0x0000000080000000, 0x000000009ab00000, 0x00000000d5580000)
  object space 437248K, 25% used [0x0000000080000000,0x0000000086cb9508,0x000000009ab00000)
 Metaspace       used 71849K, committed 73408K, reserved 1179648K
  class space    used 7687K, committed 8384K, reserved 1048576K
}
Event: 1476.282 GC heap before
{Heap before GC invocations=1679 (full 4):
 PSYoungGen      total 2048K, used 1664K [0x00000000d5580000, 0x00000000d5880000, 0x0000000100000000)
  eden space 1536K, 100% used [0x00000000d5580000,0x00000000d5700000,0x00000000d5700000)
  from space 512K, 25% used [0x00000000d5800000,0x00000000d5820000,0x00000000d5880000)
  to   space 512K, 0% used [0x00000000d5780000,0x00000000d5780000,0x00000000d5800000)
 ParOldGen       total 437248K, used 111333K [0x0000000080000000, 0x000000009ab00000, 0x00000000d5580000)
  object space 437248K, 25% used [0x0000000080000000,0x0000000086cb9508,0x000000009ab00000)
 Metaspace       used 71849K, committed 73408K, reserved 1179648K
  class space    used 7687K, committed 8384K, reserved 1048576K
}
Event: 1476.283 GC heap after
{Heap after GC invocations=1679 (full 4):
 PSYoungGen      total 2048K, used 363K [0x00000000d5580000, 0x00000000d5880000, 0x0000000100000000)
  eden space 1536K, 0% used [0x00000000d5580000,0x00000000d5580000,0x00000000d5700000)
  from space 512K, 71% used [0x00000000d5780000,0x00000000d57dafd0,0x00000000d5800000)
  to   space 512K, 0% used [0x00000000d5800000,0x00000000d5800000,0x00000000d5880000)
 ParOldGen       total 437248K, used 111365K [0x0000000080000000, 0x000000009ab00000, 0x00000000d5580000)
  object space 437248K, 25% used [0x0000000080000000,0x0000000086cc1508,0x000000009ab00000)
 Metaspace       used 71849K, committed 73408K, reserved 1179648K
  class space    used 7687K, committed 8384K, reserved 1048576K
}

